  [1m[35m (83.5ms)[0m  [1m[35mCREATE DATABASE "URLShortener_development" ENCODING = 'unicode'[0m
  [1m[35m (31.2ms)[0m  [1m[35mCREATE DATABASE "URLShortener_test" ENCODING = 'unicode'[0m
  [1m[35m (24.5ms)[0m  [1m[35mCREATE TABLE "schema_migrations" ("version" character varying NOT NULL PRIMARY KEY)[0m
  [1m[35m (2.6ms)[0m  [1m[35mCREATE TABLE "ar_internal_metadata" ("key" character varying NOT NULL PRIMARY KEY, "value" character varying, "created_at" timestamp(6) NOT NULL, "updated_at" timestamp(6) NOT NULL)[0m
  [1m[35m (0.4ms)[0m  [1m[34mSELECT pg_try_advisory_lock(4762635147840476445)[0m
  [1m[35m (0.5ms)[0m  [1m[34mSELECT "schema_migrations"."version" FROM "schema_migrations" ORDER BY "schema_migrations"."version" ASC[0m
Migrating to CreateUsers (20210520184312)
  [1m[36mTRANSACTION (0.5ms)[0m  [1m[35mBEGIN[0m
  [1m[35m (5.4ms)[0m  [1m[35mCREATE TABLE "users" ("id" bigserial primary key, "email" character varying NOT NULL, "created_at" timestamp(6) NOT NULL, "updated_at" timestamp(6) NOT NULL)[0m
  [1m[35m (1.7ms)[0m  [1m[35mCREATE UNIQUE INDEX "index_users_on_email" ON "users" ("email")[0m
  [1m[36mActiveRecord::SchemaMigration Create (1.3ms)[0m  [1m[32mINSERT INTO "schema_migrations" ("version") VALUES ($1) RETURNING "version"[0m  [["version", "20210520184312"]]
  [1m[36mTRANSACTION (0.2ms)[0m  [1m[35mCOMMIT[0m
  [1m[36mActiveRecord::InternalMetadata Load (0.4ms)[0m  [1m[34mSELECT "ar_internal_metadata".* FROM "ar_internal_metadata" WHERE "ar_internal_metadata"."key" = $1 LIMIT $2[0m  [["key", "environment"], ["LIMIT", 1]]
  [1m[36mTRANSACTION (0.1ms)[0m  [1m[35mBEGIN[0m
  [1m[36mActiveRecord::InternalMetadata Create (1.1ms)[0m  [1m[32mINSERT INTO "ar_internal_metadata" ("key", "value", "created_at", "updated_at") VALUES ($1, $2, $3, $4) RETURNING "key"[0m  [["key", "environment"], ["value", "development"], ["created_at", "2021-05-20 18:45:51.885613"], ["updated_at", "2021-05-20 18:45:51.885613"]]
  [1m[36mTRANSACTION (0.1ms)[0m  [1m[35mCOMMIT[0m
  [1m[35m (0.3ms)[0m  [1m[34mSELECT pg_advisory_unlock(4762635147840476445)[0m
  [1m[35m (0.5ms)[0m  [1m[34mSELECT "schema_migrations"."version" FROM "schema_migrations" ORDER BY "schema_migrations"."version" ASC[0m
  [1m[35m (0.3ms)[0m  [1m[34mSELECT pg_try_advisory_lock(4762635147840476445)[0m
  [1m[35m (1.6ms)[0m  [1m[34mSELECT "schema_migrations"."version" FROM "schema_migrations" ORDER BY "schema_migrations"."version" ASC[0m
  [1m[36mActiveRecord::InternalMetadata Load (1.2ms)[0m  [1m[34mSELECT "ar_internal_metadata".* FROM "ar_internal_metadata" WHERE "ar_internal_metadata"."key" = $1 LIMIT $2[0m  [["key", "environment"], ["LIMIT", 1]]
  [1m[35m (0.5ms)[0m  [1m[34mSELECT pg_advisory_unlock(4762635147840476445)[0m
  [1m[35m (0.7ms)[0m  [1m[34mSELECT "schema_migrations"."version" FROM "schema_migrations" ORDER BY "schema_migrations"."version" ASC[0m
  [1m[35m (0.3ms)[0m  [1m[34mSELECT pg_try_advisory_lock(4762635147840476445)[0m
  [1m[35m (1.5ms)[0m  [1m[34mSELECT "schema_migrations"."version" FROM "schema_migrations" ORDER BY "schema_migrations"."version" ASC[0m
Migrating to CreateShortenedUrls (20210520184939)
  [1m[36mTRANSACTION (0.2ms)[0m  [1m[35mBEGIN[0m
  [1m[35m (11.4ms)[0m  [1m[35mCREATE TABLE "shortened_urls" ("id" bigserial primary key, "long_url" character varying NOT NULL, "short_url" character varying NOT NULL, "created_at" timestamp(6) NOT NULL, "updated_at" timestamp(6) NOT NULL)[0m
  [1m[36mTRANSACTION (1.7ms)[0m  [1m[31mROLLBACK[0m
  [1m[35m (0.5ms)[0m  [1m[34mSELECT pg_advisory_unlock(4762635147840476445)[0m
  [1m[35m (0.1ms)[0m  [1m[34mSELECT pg_try_advisory_lock(4762635147840476445)[0m
  [1m[35m (2.2ms)[0m  [1m[34mSELECT "schema_migrations"."version" FROM "schema_migrations" ORDER BY "schema_migrations"."version" ASC[0m
Migrating to CreateShortenedUrls (20210520184939)
  [1m[36mTRANSACTION (0.1ms)[0m  [1m[35mBEGIN[0m
  [1m[35m (7.5ms)[0m  [1m[35mCREATE TABLE "shortened_urls" ("id" bigserial primary key, "long_url" character varying NOT NULL, "short_url" character varying NOT NULL, "created_at" timestamp(6) NOT NULL, "updated_at" timestamp(6) NOT NULL)[0m
  [1m[35m (0.5ms)[0m  [1m[35mCREATE UNIQUE INDEX "index_shortened_urls_on_short_url" ON "shortened_urls" ("short_url")[0m
  [1m[35m (0.6ms)[0m  [1m[35mCREATE INDEX "index_shortened_urls_on_long_url" ON "shortened_urls" ("long_url")[0m
  [1m[36mActiveRecord::SchemaMigration Create (0.4ms)[0m  [1m[32mINSERT INTO "schema_migrations" ("version") VALUES ($1) RETURNING "version"[0m  [["version", "20210520184939"]]
  [1m[36mTRANSACTION (0.3ms)[0m  [1m[35mCOMMIT[0m
Migrating to AddUserIdToShortenedUrl (20210520191022)
  [1m[35m (0.4ms)[0m  [1m[34mSELECT pg_advisory_unlock(4762635147840476445)[0m
  [1m[35m (0.4ms)[0m  [1m[34mSELECT pg_try_advisory_lock(4762635147840476445)[0m
  [1m[35m (0.8ms)[0m  [1m[34mSELECT "schema_migrations"."version" FROM "schema_migrations" ORDER BY "schema_migrations"."version" ASC[0m
Migrating to AddUserIdToShortenedUrl (20210520191022)
  [1m[36mTRANSACTION (0.1ms)[0m  [1m[35mBEGIN[0m
  [1m[35m (3.2ms)[0m  [1m[35mALTER TABLE "shortened_urls" ADD "user_id" integer[0m
  [1m[36mActiveRecord::SchemaMigration Create (0.8ms)[0m  [1m[32mINSERT INTO "schema_migrations" ("version") VALUES ($1) RETURNING "version"[0m  [["version", "20210520191022"]]
  [1m[36mTRANSACTION (1.1ms)[0m  [1m[35mCOMMIT[0m
  [1m[36mActiveRecord::InternalMetadata Load (0.7ms)[0m  [1m[34mSELECT "ar_internal_metadata".* FROM "ar_internal_metadata" WHERE "ar_internal_metadata"."key" = $1 LIMIT $2[0m  [["key", "environment"], ["LIMIT", 1]]
  [1m[35m (0.4ms)[0m  [1m[34mSELECT pg_advisory_unlock(4762635147840476445)[0m
  [1m[35m (0.7ms)[0m  [1m[34mSELECT "schema_migrations"."version" FROM "schema_migrations" ORDER BY "schema_migrations"."version" ASC[0m
  [1m[35m (0.3ms)[0m  [1m[34mSELECT pg_try_advisory_lock(4762635147840476445)[0m
  [1m[35m (0.7ms)[0m  [1m[34mSELECT "schema_migrations"."version" FROM "schema_migrations" ORDER BY "schema_migrations"."version" ASC[0m
  [1m[36mActiveRecord::InternalMetadata Load (0.3ms)[0m  [1m[34mSELECT "ar_internal_metadata".* FROM "ar_internal_metadata" WHERE "ar_internal_metadata"."key" = $1 LIMIT $2[0m  [["key", "environment"], ["LIMIT", 1]]
  [1m[35m (0.3ms)[0m  [1m[34mSELECT pg_advisory_unlock(4762635147840476445)[0m
  [1m[35m (1.9ms)[0m  [1m[34mSELECT "schema_migrations"."version" FROM "schema_migrations" ORDER BY "schema_migrations"."version" ASC[0m
  [1m[35m (2.3ms)[0m  [1m[34mSELECT "schema_migrations"."version" FROM "schema_migrations" ORDER BY "schema_migrations"."version" ASC[0m
  [1m[36mTRANSACTION (0.2ms)[0m  [1m[35mBEGIN[0m
  [1m[36mUser Exists? (0.9ms)[0m  [1m[34mSELECT 1 AS one FROM "users" WHERE "users"."email" IS NULL LIMIT $1[0m  [["LIMIT", 1]]
  [1m[36mTRANSACTION (0.3ms)[0m  [1m[31mROLLBACK[0m
  [1m[36mTRANSACTION (0.9ms)[0m  [1m[35mBEGIN[0m
  [1m[36mUser Exists? (1.7ms)[0m  [1m[34mSELECT 1 AS one FROM "users" WHERE "users"."email" = $1 LIMIT $2[0m  [["email", "abc@gmail.com"], ["LIMIT", 1]]
  [1m[36mUser Create (2.7ms)[0m  [1m[32mINSERT INTO "users" ("email", "created_at", "updated_at") VALUES ($1, $2, $3) RETURNING "id"[0m  [["email", "abc@gmail.com"], ["created_at", "2021-05-20 19:31:01.306649"], ["updated_at", "2021-05-20 19:31:01.306649"]]
  [1m[36mTRANSACTION (1.0ms)[0m  [1m[35mCOMMIT[0m
  [1m[36mShortenedUrl Exists? (2.1ms)[0m  [1m[34mSELECT 1 AS one FROM "shortened_urls" WHERE "shortened_urls"."short_url" = $1 LIMIT $2[0m  [["short_url", "o3tCNk0fEjfn0XlQcs-GXg"], ["LIMIT", 1]]
  [1m[36mTRANSACTION (0.2ms)[0m  [1m[35mBEGIN[0m
  [1m[36mShortenedUrl Exists? (0.6ms)[0m  [1m[34mSELECT 1 AS one FROM "shortened_urls" WHERE "shortened_urls"."short_url" = $1 LIMIT $2[0m  [["short_url", "o3tCNk0fEjfn0XlQcs-GXg"], ["LIMIT", 1]]
  [1m[36mUser Load (0.4ms)[0m  [1m[34mSELECT "users".* FROM "users" WHERE "users"."id" = $1 LIMIT $2[0m  [["id", 1], ["LIMIT", 1]]
  [1m[36mShortenedUrl Create (1.5ms)[0m  [1m[32mINSERT INTO "shortened_urls" ("long_url", "short_url", "created_at", "updated_at", "user_id") VALUES ($1, $2, $3, $4, $5) RETURNING "id"[0m  [["long_url", "www.abcdef.com"], ["short_url", "o3tCNk0fEjfn0XlQcs-GXg"], ["created_at", "2021-05-20 19:32:36.264620"], ["updated_at", "2021-05-20 19:32:36.264620"], ["user_id", 1]]
  [1m[36mTRANSACTION (0.4ms)[0m  [1m[35mCOMMIT[0m
  [1m[36mShortenedUrl Load (0.5ms)[0m  [1m[34mSELECT "shortened_urls".* FROM "shortened_urls" WHERE "shortened_urls"."user_id" = $1[0m  [["user_id", 1]]
  [1m[35m (0.3ms)[0m  [1m[34mSELECT pg_try_advisory_lock(4762635147840476445)[0m
  [1m[35m (2.2ms)[0m  [1m[34mSELECT "schema_migrations"."version" FROM "schema_migrations" ORDER BY "schema_migrations"."version" ASC[0m
Migrating to CreateVisits (20210520193413)
  [1m[36mTRANSACTION (0.2ms)[0m  [1m[35mBEGIN[0m
  [1m[35m (7.5ms)[0m  [1m[35mCREATE TABLE "visits" ("id" bigserial primary key, "user_id" integer NOT NULL, "url_id" integer NOT NULL, "created_at" timestamp(6) NOT NULL, "updated_at" timestamp(6) NOT NULL)[0m
  [1m[35m (0.6ms)[0m  [1m[35mCREATE INDEX "index_visits_on_user_id" ON "visits" ("user_id")[0m
  [1m[35m (0.6ms)[0m  [1m[35mCREATE INDEX "index_visits_on_url_id" ON "visits" ("url_id")[0m
  [1m[36mActiveRecord::SchemaMigration Create (0.3ms)[0m  [1m[32mINSERT INTO "schema_migrations" ("version") VALUES ($1) RETURNING "version"[0m  [["version", "20210520193413"]]
  [1m[36mTRANSACTION (0.5ms)[0m  [1m[35mCOMMIT[0m
  [1m[36mActiveRecord::InternalMetadata Load (0.4ms)[0m  [1m[34mSELECT "ar_internal_metadata".* FROM "ar_internal_metadata" WHERE "ar_internal_metadata"."key" = $1 LIMIT $2[0m  [["key", "environment"], ["LIMIT", 1]]
  [1m[35m (0.2ms)[0m  [1m[34mSELECT pg_advisory_unlock(4762635147840476445)[0m
  [1m[35m (0.7ms)[0m  [1m[34mSELECT "schema_migrations"."version" FROM "schema_migrations" ORDER BY "schema_migrations"."version" ASC[0m
  [1m[35m (1.7ms)[0m  [1m[34mSELECT "schema_migrations"."version" FROM "schema_migrations" ORDER BY "schema_migrations"."version" ASC[0m
  [1m[35m (0.1ms)[0m  [1m[34mSELECT pg_try_advisory_lock(4762635147840476445)[0m
  [1m[35m (0.8ms)[0m  [1m[34mSELECT "schema_migrations"."version" FROM "schema_migrations" ORDER BY "schema_migrations"."version" ASC[0m
  [1m[36mActiveRecord::InternalMetadata Load (0.3ms)[0m  [1m[34mSELECT "ar_internal_metadata".* FROM "ar_internal_metadata" WHERE "ar_internal_metadata"."key" = $1 LIMIT $2[0m  [["key", "environment"], ["LIMIT", 1]]
  [1m[35m (0.2ms)[0m  [1m[34mSELECT pg_advisory_unlock(4762635147840476445)[0m
  [1m[35m (0.6ms)[0m  [1m[34mSELECT "schema_migrations"."version" FROM "schema_migrations" ORDER BY "schema_migrations"."version" ASC[0m
  [1m[35m (0.4ms)[0m  [1m[34mSELECT pg_try_advisory_lock(4762635147840476445)[0m
  [1m[35m (2.1ms)[0m  [1m[34mSELECT "schema_migrations"."version" FROM "schema_migrations" ORDER BY "schema_migrations"."version" ASC[0m
  [1m[36mActiveRecord::InternalMetadata Load (0.7ms)[0m  [1m[34mSELECT "ar_internal_metadata".* FROM "ar_internal_metadata" WHERE "ar_internal_metadata"."key" = $1 LIMIT $2[0m  [["key", "environment"], ["LIMIT", 1]]
  [1m[35m (0.4ms)[0m  [1m[34mSELECT pg_advisory_unlock(4762635147840476445)[0m
  [1m[35m (0.8ms)[0m  [1m[34mSELECT "schema_migrations"."version" FROM "schema_migrations" ORDER BY "schema_migrations"."version" ASC[0m
  [1m[36mTRANSACTION (0.3ms)[0m  [1m[35mBEGIN[0m
  [1m[36mUser Exists? (2.5ms)[0m  [1m[34mSELECT 1 AS one FROM "users" WHERE "users"."email" = $1 LIMIT $2[0m  [["email", "abc"], ["LIMIT", 1]]
  [1m[36mUser Create (2.1ms)[0m  [1m[32mINSERT INTO "users" ("email", "created_at", "updated_at") VALUES ($1, $2, $3) RETURNING "id"[0m  [["email", "abc"], ["created_at", "2021-05-20 20:23:55.835413"], ["updated_at", "2021-05-20 20:23:55.835413"]]
  [1m[36mTRANSACTION (1.3ms)[0m  [1m[35mCOMMIT[0m
  [1m[36mTRANSACTION (0.3ms)[0m  [1m[35mBEGIN[0m
  [1m[36mUser Exists? (1.2ms)[0m  [1m[34mSELECT 1 AS one FROM "users" WHERE "users"."email" = $1 LIMIT $2[0m  [["email", "abdfc"], ["LIMIT", 1]]
  [1m[36mUser Create (0.8ms)[0m  [1m[32mINSERT INTO "users" ("email", "created_at", "updated_at") VALUES ($1, $2, $3) RETURNING "id"[0m  [["email", "abdfc"], ["created_at", "2021-05-20 20:24:17.249275"], ["updated_at", "2021-05-20 20:24:17.249275"]]
  [1m[36mTRANSACTION (0.7ms)[0m  [1m[35mCOMMIT[0m
  [1m[36mShortenedUrl Exists? (1.3ms)[0m  [1m[34mSELECT 1 AS one FROM "shortened_urls" WHERE "shortened_urls"."short_url" = $1 LIMIT $2[0m  [["short_url", "ro2Zj238mmZyvzd7nideXQ"], ["LIMIT", 1]]
  [1m[36mTRANSACTION (0.2ms)[0m  [1m[35mBEGIN[0m
  [1m[36mShortenedUrl Exists? (0.6ms)[0m  [1m[34mSELECT 1 AS one FROM "shortened_urls" WHERE "shortened_urls"."short_url" = $1 LIMIT $2[0m  [["short_url", "ro2Zj238mmZyvzd7nideXQ"], ["LIMIT", 1]]
  [1m[36mUser Load (0.4ms)[0m  [1m[34mSELECT "users".* FROM "users" WHERE "users"."id" = $1 LIMIT $2[0m  [["id", 2], ["LIMIT", 1]]
  [1m[36mShortenedUrl Create (1.1ms)[0m  [1m[32mINSERT INTO "shortened_urls" ("long_url", "short_url", "created_at", "updated_at", "user_id") VALUES ($1, $2, $3, $4, $5) RETURNING "id"[0m  [["long_url", "abc.com"], ["short_url", "ro2Zj238mmZyvzd7nideXQ"], ["created_at", "2021-05-20 20:24:59.695416"], ["updated_at", "2021-05-20 20:24:59.695416"], ["user_id", 2]]
  [1m[36mTRANSACTION (0.5ms)[0m  [1m[35mCOMMIT[0m
  [1m[36mShortenedUrl Exists? (1.6ms)[0m  [1m[34mSELECT 1 AS one FROM "shortened_urls" WHERE "shortened_urls"."short_url" = $1 LIMIT $2[0m  [["short_url", "OlxrDx9w83RPjdmdTLS40A"], ["LIMIT", 1]]
  [1m[36mTRANSACTION (0.3ms)[0m  [1m[35mBEGIN[0m
  [1m[36mShortenedUrl Exists? (0.8ms)[0m  [1m[34mSELECT 1 AS one FROM "shortened_urls" WHERE "shortened_urls"."short_url" = $1 LIMIT $2[0m  [["short_url", "OlxrDx9w83RPjdmdTLS40A"], ["LIMIT", 1]]
  [1m[36mUser Load (0.4ms)[0m  [1m[34mSELECT "users".* FROM "users" WHERE "users"."id" = $1 LIMIT $2[0m  [["id", 3], ["LIMIT", 1]]
  [1m[36mShortenedUrl Create (0.6ms)[0m  [1m[32mINSERT INTO "shortened_urls" ("long_url", "short_url", "created_at", "updated_at", "user_id") VALUES ($1, $2, $3, $4, $5) RETURNING "id"[0m  [["long_url", "defc.com"], ["short_url", "OlxrDx9w83RPjdmdTLS40A"], ["created_at", "2021-05-20 20:25:43.879892"], ["updated_at", "2021-05-20 20:25:43.879892"], ["user_id", 3]]
  [1m[36mTRANSACTION (0.6ms)[0m  [1m[35mCOMMIT[0m
  [1m[36mTRANSACTION (0.2ms)[0m  [1m[35mBEGIN[0m
  [1m[36mUser Load (0.5ms)[0m  [1m[34mSELECT "users".* FROM "users" WHERE "users"."id" = $1 LIMIT $2[0m  [["id", 2], ["LIMIT", 1]]
  [1m[36mShortenedUrl Load (0.4ms)[0m  [1m[34mSELECT "shortened_urls".* FROM "shortened_urls" WHERE "shortened_urls"."id" = $1 LIMIT $2[0m  [["id", 2], ["LIMIT", 1]]
  [1m[36mVisit Create (3.6ms)[0m  [1m[32mINSERT INTO "visits" ("user_id", "url_id", "created_at", "updated_at") VALUES ($1, $2, $3, $4) RETURNING "id"[0m  [["user_id", 2], ["url_id", 2], ["created_at", "2021-05-20 20:26:29.671422"], ["updated_at", "2021-05-20 20:26:29.671422"]]
  [1m[36mTRANSACTION (0.7ms)[0m  [1m[35mCOMMIT[0m
  [1m[36mTRANSACTION (0.3ms)[0m  [1m[35mBEGIN[0m
  [1m[36mUser Load (0.8ms)[0m  [1m[34mSELECT "users".* FROM "users" WHERE "users"."id" = $1 LIMIT $2[0m  [["id", 3], ["LIMIT", 1]]
  [1m[36mShortenedUrl Load (0.7ms)[0m  [1m[34mSELECT "shortened_urls".* FROM "shortened_urls" WHERE "shortened_urls"."id" = $1 LIMIT $2[0m  [["id", 3], ["LIMIT", 1]]
  [1m[36mVisit Create (0.6ms)[0m  [1m[32mINSERT INTO "visits" ("user_id", "url_id", "created_at", "updated_at") VALUES ($1, $2, $3, $4) RETURNING "id"[0m  [["user_id", 3], ["url_id", 3], ["created_at", "2021-05-20 20:27:34.029750"], ["updated_at", "2021-05-20 20:27:34.029750"]]
  [1m[36mTRANSACTION (0.5ms)[0m  [1m[35mCOMMIT[0m
  [1m[35m (4.3ms)[0m  [1m[34mSELECT COUNT(DISTINCT visits) FROM "shortened_urls"[0m
  [1m[35m (1.3ms)[0m  [1m[34mSELECT COUNT(DISTINCT visits) FROM "shortened_urls"[0m
  [1m[35m (3.1ms)[0m  [1m[34mSELECT COUNT(DISTINCT visits) FROM "shortened_urls"[0m
  [1m[36mShortenedUrl Exists? (0.8ms)[0m  [1m[34mSELECT 1 AS one FROM "shortened_urls" WHERE "shortened_urls"."short_url" = $1 LIMIT $2[0m  [["short_url", "Mkz2UAG8MS9JnqMS9OvHWA"], ["LIMIT", 1]]
  [1m[36mTRANSACTION (0.2ms)[0m  [1m[35mBEGIN[0m
  [1m[36mShortenedUrl Exists? (0.6ms)[0m  [1m[34mSELECT 1 AS one FROM "shortened_urls" WHERE "shortened_urls"."short_url" = $1 LIMIT $2[0m  [["short_url", "Mkz2UAG8MS9JnqMS9OvHWA"], ["LIMIT", 1]]
  [1m[36mUser Load (0.4ms)[0m  [1m[34mSELECT "users".* FROM "users" WHERE "users"."id" = $1 LIMIT $2[0m  [["id", 2], ["LIMIT", 1]]
  [1m[36mShortenedUrl Create (0.9ms)[0m  [1m[32mINSERT INTO "shortened_urls" ("long_url", "short_url", "created_at", "updated_at", "user_id") VALUES ($1, $2, $3, $4, $5) RETURNING "id"[0m  [["long_url", "abc.com"], ["short_url", "Mkz2UAG8MS9JnqMS9OvHWA"], ["created_at", "2021-05-20 20:33:36.081132"], ["updated_at", "2021-05-20 20:33:36.081132"], ["user_id", 2]]
  [1m[36mTRANSACTION (0.7ms)[0m  [1m[35mCOMMIT[0m
  [1m[36mShortenedUrl Exists? (1.0ms)[0m  [1m[34mSELECT 1 AS one FROM "shortened_urls" WHERE "shortened_urls"."short_url" = $1 LIMIT $2[0m  [["short_url", "5i4lr4l6yxfTNmm70pU4fA"], ["LIMIT", 1]]
  [1m[36mTRANSACTION (0.2ms)[0m  [1m[35mBEGIN[0m
  [1m[36mShortenedUrl Exists? (0.5ms)[0m  [1m[34mSELECT 1 AS one FROM "shortened_urls" WHERE "shortened_urls"."short_url" = $1 LIMIT $2[0m  [["short_url", "5i4lr4l6yxfTNmm70pU4fA"], ["LIMIT", 1]]
  [1m[36mUser Load (0.6ms)[0m  [1m[34mSELECT "users".* FROM "users" WHERE "users"."id" = $1 LIMIT $2[0m  [["id", 3], ["LIMIT", 1]]
  [1m[36mShortenedUrl Create (0.8ms)[0m  [1m[32mINSERT INTO "shortened_urls" ("long_url", "short_url", "created_at", "updated_at", "user_id") VALUES ($1, $2, $3, $4, $5) RETURNING "id"[0m  [["long_url", "defc.com"], ["short_url", "5i4lr4l6yxfTNmm70pU4fA"], ["created_at", "2021-05-20 20:33:42.084179"], ["updated_at", "2021-05-20 20:33:42.084179"], ["user_id", 3]]
  [1m[36mTRANSACTION (0.6ms)[0m  [1m[35mCOMMIT[0m
  [1m[36mShortenedUrl Exists? (0.9ms)[0m  [1m[34mSELECT 1 AS one FROM "shortened_urls" WHERE "shortened_urls"."short_url" = $1 LIMIT $2[0m  [["short_url", "hObXlAkmeHS1XDHmzskJgg"], ["LIMIT", 1]]
  [1m[36mTRANSACTION (0.2ms)[0m  [1m[35mBEGIN[0m
  [1m[36mShortenedUrl Exists? (0.6ms)[0m  [1m[34mSELECT 1 AS one FROM "shortened_urls" WHERE "shortened_urls"."short_url" = $1 LIMIT $2[0m  [["short_url", "hObXlAkmeHS1XDHmzskJgg"], ["LIMIT", 1]]
  [1m[36mUser Load (0.4ms)[0m  [1m[34mSELECT "users".* FROM "users" WHERE "users"."id" = $1 LIMIT $2[0m  [["id", 2], ["LIMIT", 1]]
  [1m[36mShortenedUrl Create (0.7ms)[0m  [1m[32mINSERT INTO "shortened_urls" ("long_url", "short_url", "created_at", "updated_at", "user_id") VALUES ($1, $2, $3, $4, $5) RETURNING "id"[0m  [["long_url", "abc.com"], ["short_url", "hObXlAkmeHS1XDHmzskJgg"], ["created_at", "2021-05-20 20:33:52.635479"], ["updated_at", "2021-05-20 20:33:52.635479"], ["user_id", 2]]
  [1m[36mTRANSACTION (0.5ms)[0m  [1m[35mCOMMIT[0m
  [1m[36mShortenedUrl Exists? (0.9ms)[0m  [1m[34mSELECT 1 AS one FROM "shortened_urls" WHERE "shortened_urls"."short_url" = $1 LIMIT $2[0m  [["short_url", "AKe38pyJ5xKqQRM3me5Z0w"], ["LIMIT", 1]]
  [1m[36mTRANSACTION (0.1ms)[0m  [1m[35mBEGIN[0m
  [1m[36mShortenedUrl Exists? (0.5ms)[0m  [1m[34mSELECT 1 AS one FROM "shortened_urls" WHERE "shortened_urls"."short_url" = $1 LIMIT $2[0m  [["short_url", "AKe38pyJ5xKqQRM3me5Z0w"], ["LIMIT", 1]]
  [1m[36mUser Load (0.3ms)[0m  [1m[34mSELECT "users".* FROM "users" WHERE "users"."id" = $1 LIMIT $2[0m  [["id", 3], ["LIMIT", 1]]
  [1m[36mShortenedUrl Create (0.8ms)[0m  [1m[32mINSERT INTO "shortened_urls" ("long_url", "short_url", "created_at", "updated_at", "user_id") VALUES ($1, $2, $3, $4, $5) RETURNING "id"[0m  [["long_url", "defc.com"], ["short_url", "AKe38pyJ5xKqQRM3me5Z0w"], ["created_at", "2021-05-20 20:33:56.001792"], ["updated_at", "2021-05-20 20:33:56.001792"], ["user_id", 3]]
  [1m[36mTRANSACTION (0.6ms)[0m  [1m[35mCOMMIT[0m
  [1m[36mTRANSACTION (0.3ms)[0m  [1m[35mBEGIN[0m
  [1m[36mUser Load (0.3ms)[0m  [1m[34mSELECT "users".* FROM "users" WHERE "users"."id" = $1 LIMIT $2[0m  [["id", 2], ["LIMIT", 1]]
  [1m[36mShortenedUrl Load (0.5ms)[0m  [1m[34mSELECT "shortened_urls".* FROM "shortened_urls" WHERE "shortened_urls"."id" = $1 LIMIT $2[0m  [["id", 6], ["LIMIT", 1]]
  [1m[36mVisit Create (0.7ms)[0m  [1m[32mINSERT INTO "visits" ("user_id", "url_id", "created_at", "updated_at") VALUES ($1, $2, $3, $4) RETURNING "id"[0m  [["user_id", 2], ["url_id", 6], ["created_at", "2021-05-20 20:34:04.213327"], ["updated_at", "2021-05-20 20:34:04.213327"]]
  [1m[36mTRANSACTION (0.4ms)[0m  [1m[35mCOMMIT[0m
  [1m[36mTRANSACTION (0.2ms)[0m  [1m[35mBEGIN[0m
  [1m[36mUser Load (0.3ms)[0m  [1m[34mSELECT "users".* FROM "users" WHERE "users"."id" = $1 LIMIT $2[0m  [["id", 3], ["LIMIT", 1]]
  [1m[36mShortenedUrl Load (0.6ms)[0m  [1m[34mSELECT "shortened_urls".* FROM "shortened_urls" WHERE "shortened_urls"."id" = $1 LIMIT $2[0m  [["id", 7], ["LIMIT", 1]]
  [1m[36mVisit Create (0.6ms)[0m  [1m[32mINSERT INTO "visits" ("user_id", "url_id", "created_at", "updated_at") VALUES ($1, $2, $3, $4) RETURNING "id"[0m  [["user_id", 3], ["url_id", 7], ["created_at", "2021-05-20 20:34:14.195233"], ["updated_at", "2021-05-20 20:34:14.195233"]]
  [1m[36mTRANSACTION (1.3ms)[0m  [1m[35mCOMMIT[0m
  [1m[35m (6.0ms)[0m  [1m[34mSELECT COUNT(DISTINCT "visits"."user_id") FROM "visits"[0m
  [1m[36mTRANSACTION (0.8ms)[0m  [1m[35mBEGIN[0m
  [1m[36mUser Exists? (1.4ms)[0m  [1m[34mSELECT 1 AS one FROM "users" WHERE "users"."email" = $1 LIMIT $2[0m  [["email", "abc"], ["LIMIT", 1]]
  [1m[36mTRANSACTION (0.5ms)[0m  [1m[31mROLLBACK[0m
  [1m[36mTRANSACTION (0.2ms)[0m  [1m[35mBEGIN[0m
  [1m[36mUser Exists? (0.6ms)[0m  [1m[34mSELECT 1 AS one FROM "users" WHERE "users"."email" = $1 LIMIT $2[0m  [["email", "abdfc"], ["LIMIT", 1]]
  [1m[36mTRANSACTION (0.3ms)[0m  [1m[31mROLLBACK[0m
  [1m[36mShortenedUrl Exists? (0.9ms)[0m  [1m[34mSELECT 1 AS one FROM "shortened_urls" WHERE "shortened_urls"."short_url" = $1 LIMIT $2[0m  [["short_url", "eFK00vo_-Qn32GAuZ4qQWA"], ["LIMIT", 1]]
  [1m[36mTRANSACTION (0.2ms)[0m  [1m[35mBEGIN[0m
  [1m[36mShortenedUrl Exists? (0.7ms)[0m  [1m[34mSELECT 1 AS one FROM "shortened_urls" WHERE "shortened_urls"."short_url" = $1 LIMIT $2[0m  [["short_url", "eFK00vo_-Qn32GAuZ4qQWA"], ["LIMIT", 1]]
  [1m[36mUser Load (0.2ms)[0m  [1m[34mSELECT "users".* FROM "users" WHERE "users"."id" = $1 LIMIT $2[0m  [["id", 2], ["LIMIT", 1]]
  [1m[36mShortenedUrl Create (0.8ms)[0m  [1m[32mINSERT INTO "shortened_urls" ("long_url", "short_url", "created_at", "updated_at", "user_id") VALUES ($1, $2, $3, $4, $5) RETURNING "id"[0m  [["long_url", "abc.com"], ["short_url", "eFK00vo_-Qn32GAuZ4qQWA"], ["created_at", "2021-05-20 20:37:59.708523"], ["updated_at", "2021-05-20 20:37:59.708523"], ["user_id", 2]]
  [1m[36mTRANSACTION (0.4ms)[0m  [1m[35mCOMMIT[0m
  [1m[36mShortenedUrl Exists? (0.7ms)[0m  [1m[34mSELECT 1 AS one FROM "shortened_urls" WHERE "shortened_urls"."short_url" = $1 LIMIT $2[0m  [["short_url", "OWUahGYknkY2NRJ74aFH2g"], ["LIMIT", 1]]
  [1m[36mTRANSACTION (0.2ms)[0m  [1m[35mBEGIN[0m
  [1m[36mShortenedUrl Exists? (0.5ms)[0m  [1m[34mSELECT 1 AS one FROM "shortened_urls" WHERE "shortened_urls"."short_url" = $1 LIMIT $2[0m  [["short_url", "OWUahGYknkY2NRJ74aFH2g"], ["LIMIT", 1]]
  [1m[36mUser Load (0.2ms)[0m  [1m[34mSELECT "users".* FROM "users" WHERE "users"."id" = $1 LIMIT $2[0m  [["id", 3], ["LIMIT", 1]]
  [1m[36mShortenedUrl Create (0.7ms)[0m  [1m[32mINSERT INTO "shortened_urls" ("long_url", "short_url", "created_at", "updated_at", "user_id") VALUES ($1, $2, $3, $4, $5) RETURNING "id"[0m  [["long_url", "defc.com"], ["short_url", "OWUahGYknkY2NRJ74aFH2g"], ["created_at", "2021-05-20 20:37:59.716835"], ["updated_at", "2021-05-20 20:37:59.716835"], ["user_id", 3]]
  [1m[36mTRANSACTION (0.3ms)[0m  [1m[35mCOMMIT[0m
  [1m[36mTRANSACTION (0.2ms)[0m  [1m[35mBEGIN[0m
  [1m[36mUser Load (0.3ms)[0m  [1m[34mSELECT "users".* FROM "users" WHERE "users"."id" = $1 LIMIT $2[0m  [["id", 2], ["LIMIT", 1]]
  [1m[36mShortenedUrl Load (0.5ms)[0m  [1m[34mSELECT "shortened_urls".* FROM "shortened_urls" WHERE "shortened_urls"."id" = $1 LIMIT $2[0m  [["id", 8], ["LIMIT", 1]]
  [1m[36mVisit Create (0.7ms)[0m  [1m[32mINSERT INTO "visits" ("user_id", "url_id", "created_at", "updated_at") VALUES ($1, $2, $3, $4) RETURNING "id"[0m  [["user_id", 2], ["url_id", 8], ["created_at", "2021-05-20 20:37:59.723522"], ["updated_at", "2021-05-20 20:37:59.723522"]]
  [1m[36mTRANSACTION (0.4ms)[0m  [1m[35mCOMMIT[0m
  [1m[36mTRANSACTION (0.4ms)[0m  [1m[35mBEGIN[0m
  [1m[36mUser Load (0.3ms)[0m  [1m[34mSELECT "users".* FROM "users" WHERE "users"."id" = $1 LIMIT $2[0m  [["id", 3], ["LIMIT", 1]]
  [1m[36mShortenedUrl Load (0.6ms)[0m  [1m[34mSELECT "shortened_urls".* FROM "shortened_urls" WHERE "shortened_urls"."id" = $1 LIMIT $2[0m  [["id", 9], ["LIMIT", 1]]
  [1m[36mVisit Create (0.5ms)[0m  [1m[32mINSERT INTO "visits" ("user_id", "url_id", "created_at", "updated_at") VALUES ($1, $2, $3, $4) RETURNING "id"[0m  [["user_id", 3], ["url_id", 9], ["created_at", "2021-05-20 20:38:03.161354"], ["updated_at", "2021-05-20 20:38:03.161354"]]
  [1m[36mTRANSACTION (0.6ms)[0m  [1m[35mCOMMIT[0m
  [1m[36mTRANSACTION (0.3ms)[0m  [1m[35mBEGIN[0m
  [1m[36mUser Exists? (0.8ms)[0m  [1m[34mSELECT 1 AS one FROM "users" WHERE "users"."email" = $1 LIMIT $2[0m  [["email", "abc"], ["LIMIT", 1]]
  [1m[36mTRANSACTION (0.3ms)[0m  [1m[31mROLLBACK[0m
  [1m[36mTRANSACTION (0.2ms)[0m  [1m[35mBEGIN[0m
  [1m[36mUser Exists? (0.8ms)[0m  [1m[34mSELECT 1 AS one FROM "users" WHERE "users"."email" = $1 LIMIT $2[0m  [["email", "abdfc"], ["LIMIT", 1]]
  [1m[36mTRANSACTION (0.1ms)[0m  [1m[31mROLLBACK[0m
  [1m[36mShortenedUrl Exists? (0.4ms)[0m  [1m[34mSELECT 1 AS one FROM "shortened_urls" WHERE "shortened_urls"."short_url" = $1 LIMIT $2[0m  [["short_url", "BzDizAAXOpKWbLVrT99j2w"], ["LIMIT", 1]]
  [1m[36mTRANSACTION (0.3ms)[0m  [1m[35mBEGIN[0m
  [1m[36mShortenedUrl Exists? (1.7ms)[0m  [1m[34mSELECT 1 AS one FROM "shortened_urls" WHERE "shortened_urls"."short_url" = $1 LIMIT $2[0m  [["short_url", "BzDizAAXOpKWbLVrT99j2w"], ["LIMIT", 1]]
  [1m[36mUser Load (0.5ms)[0m  [1m[34mSELECT "users".* FROM "users" WHERE "users"."id" = $1 LIMIT $2[0m  [["id", 2], ["LIMIT", 1]]
  [1m[36mShortenedUrl Create (0.8ms)[0m  [1m[32mINSERT INTO "shortened_urls" ("long_url", "short_url", "created_at", "updated_at", "user_id") VALUES ($1, $2, $3, $4, $5) RETURNING "id"[0m  [["long_url", "abc.com"], ["short_url", "BzDizAAXOpKWbLVrT99j2w"], ["created_at", "2021-05-20 20:38:21.121053"], ["updated_at", "2021-05-20 20:38:21.121053"], ["user_id", 2]]
  [1m[36mTRANSACTION (0.4ms)[0m  [1m[35mCOMMIT[0m
  [1m[36mShortenedUrl Exists? (0.9ms)[0m  [1m[34mSELECT 1 AS one FROM "shortened_urls" WHERE "shortened_urls"."short_url" = $1 LIMIT $2[0m  [["short_url", "4dvCzZyGw-iWkN0G5CKOQw"], ["LIMIT", 1]]
  [1m[36mTRANSACTION (0.2ms)[0m  [1m[35mBEGIN[0m
  [1m[36mShortenedUrl Exists? (0.6ms)[0m  [1m[34mSELECT 1 AS one FROM "shortened_urls" WHERE "shortened_urls"."short_url" = $1 LIMIT $2[0m  [["short_url", "4dvCzZyGw-iWkN0G5CKOQw"], ["LIMIT", 1]]
  [1m[36mUser Load (0.3ms)[0m  [1m[34mSELECT "users".* FROM "users" WHERE "users"."id" = $1 LIMIT $2[0m  [["id", 3], ["LIMIT", 1]]
  [1m[36mShortenedUrl Create (1.1ms)[0m  [1m[32mINSERT INTO "shortened_urls" ("long_url", "short_url", "created_at", "updated_at", "user_id") VALUES ($1, $2, $3, $4, $5) RETURNING "id"[0m  [["long_url", "defc.com"], ["short_url", "4dvCzZyGw-iWkN0G5CKOQw"], ["created_at", "2021-05-20 20:38:21.135106"], ["updated_at", "2021-05-20 20:38:21.135106"], ["user_id", 3]]
  [1m[36mTRANSACTION (0.5ms)[0m  [1m[35mCOMMIT[0m
  [1m[36mTRANSACTION (0.2ms)[0m  [1m[35mBEGIN[0m
  [1m[36mUser Load (0.2ms)[0m  [1m[34mSELECT "users".* FROM "users" WHERE "users"."id" = $1 LIMIT $2[0m  [["id", 2], ["LIMIT", 1]]
  [1m[36mShortenedUrl Load (0.1ms)[0m  [1m[34mSELECT "shortened_urls".* FROM "shortened_urls" WHERE "shortened_urls"."id" = $1 LIMIT $2[0m  [["id", 10], ["LIMIT", 1]]
  [1m[36mVisit Create (0.5ms)[0m  [1m[32mINSERT INTO "visits" ("user_id", "url_id", "created_at", "updated_at") VALUES ($1, $2, $3, $4) RETURNING "id"[0m  [["user_id", 2], ["url_id", 10], ["created_at", "2021-05-20 20:38:21.155587"], ["updated_at", "2021-05-20 20:38:21.155587"]]
  [1m[36mTRANSACTION (0.3ms)[0m  [1m[35mCOMMIT[0m
  [1m[36mTRANSACTION (2.1ms)[0m  [1m[35mBEGIN[0m
  [1m[36mUser Load (0.5ms)[0m  [1m[34mSELECT "users".* FROM "users" WHERE "users"."id" = $1 LIMIT $2[0m  [["id", 3], ["LIMIT", 1]]
  [1m[36mShortenedUrl Load (0.4ms)[0m  [1m[34mSELECT "shortened_urls".* FROM "shortened_urls" WHERE "shortened_urls"."id" = $1 LIMIT $2[0m  [["id", 11], ["LIMIT", 1]]
  [1m[36mVisit Create (0.7ms)[0m  [1m[32mINSERT INTO "visits" ("user_id", "url_id", "created_at", "updated_at") VALUES ($1, $2, $3, $4) RETURNING "id"[0m  [["user_id", 3], ["url_id", 11], ["created_at", "2021-05-20 20:38:22.493409"], ["updated_at", "2021-05-20 20:38:22.493409"]]
  [1m[36mTRANSACTION (0.9ms)[0m  [1m[35mCOMMIT[0m
  [1m[35m (0.6ms)[0m  [1m[34mSELECT COUNT(DISTINCT "visits"."user_id") FROM "visits" WHERE "visits"."url_id" = $1[0m  [["url_id", 10]]
  [1m[35m (0.8ms)[0m  [1m[34mSELECT COUNT(DISTINCT "visits"."user_id") FROM "visits" WHERE "visits"."url_id" = $1[0m  [["url_id", 11]]
  [1m[36mTRANSACTION (0.3ms)[0m  [1m[35mBEGIN[0m
  [1m[36mUser Load (1.0ms)[0m  [1m[34mSELECT "users".* FROM "users" WHERE "users"."id" = $1 LIMIT $2[0m  [["id", 3], ["LIMIT", 1]]
  [1m[36mShortenedUrl Load (0.4ms)[0m  [1m[34mSELECT "shortened_urls".* FROM "shortened_urls" WHERE "shortened_urls"."id" = $1 LIMIT $2[0m  [["id", 10], ["LIMIT", 1]]
  [1m[36mVisit Create (0.7ms)[0m  [1m[32mINSERT INTO "visits" ("user_id", "url_id", "created_at", "updated_at") VALUES ($1, $2, $3, $4) RETURNING "id"[0m  [["user_id", 3], ["url_id", 10], ["created_at", "2021-05-20 20:39:30.614361"], ["updated_at", "2021-05-20 20:39:30.614361"]]
  [1m[36mTRANSACTION (1.2ms)[0m  [1m[35mCOMMIT[0m
  [1m[35m (0.9ms)[0m  [1m[34mSELECT COUNT(DISTINCT "visits"."user_id") FROM "visits" WHERE "visits"."url_id" = $1[0m  [["url_id", 10]]
  [1m[36mTRANSACTION (0.2ms)[0m  [1m[35mBEGIN[0m
  [1m[36mUser Exists? (0.8ms)[0m  [1m[34mSELECT 1 AS one FROM "users" WHERE "users"."email" = $1 LIMIT $2[0m  [["email", "abc"], ["LIMIT", 1]]
  [1m[36mTRANSACTION (0.2ms)[0m  [1m[31mROLLBACK[0m
  [1m[36mTRANSACTION (0.2ms)[0m  [1m[35mBEGIN[0m
  [1m[36mUser Exists? (0.8ms)[0m  [1m[34mSELECT 1 AS one FROM "users" WHERE "users"."email" = $1 LIMIT $2[0m  [["email", "abdfc"], ["LIMIT", 1]]
  [1m[36mTRANSACTION (0.2ms)[0m  [1m[31mROLLBACK[0m
  [1m[36mShortenedUrl Exists? (0.4ms)[0m  [1m[34mSELECT 1 AS one FROM "shortened_urls" WHERE "shortened_urls"."short_url" = $1 LIMIT $2[0m  [["short_url", "p1qeKmMYOvN47sbb6taAtw"], ["LIMIT", 1]]
  [1m[36mTRANSACTION (0.2ms)[0m  [1m[35mBEGIN[0m
  [1m[36mShortenedUrl Exists? (0.8ms)[0m  [1m[34mSELECT 1 AS one FROM "shortened_urls" WHERE "shortened_urls"."short_url" = $1 LIMIT $2[0m  [["short_url", "p1qeKmMYOvN47sbb6taAtw"], ["LIMIT", 1]]
  [1m[36mUser Load (0.4ms)[0m  [1m[34mSELECT "users".* FROM "users" WHERE "users"."id" = $1 LIMIT $2[0m  [["id", 2], ["LIMIT", 1]]
  [1m[36mShortenedUrl Create (0.7ms)[0m  [1m[32mINSERT INTO "shortened_urls" ("long_url", "short_url", "created_at", "updated_at", "user_id") VALUES ($1, $2, $3, $4, $5) RETURNING "id"[0m  [["long_url", "abc.com"], ["short_url", "p1qeKmMYOvN47sbb6taAtw"], ["created_at", "2021-05-20 20:46:41.870465"], ["updated_at", "2021-05-20 20:46:41.870465"], ["user_id", 2]]
  [1m[36mTRANSACTION (0.5ms)[0m  [1m[35mCOMMIT[0m
  [1m[36mShortenedUrl Exists? (0.9ms)[0m  [1m[34mSELECT 1 AS one FROM "shortened_urls" WHERE "shortened_urls"."short_url" = $1 LIMIT $2[0m  [["short_url", "K7pB_CCnuWNNlWl3sbgQCw"], ["LIMIT", 1]]
  [1m[36mTRANSACTION (0.1ms)[0m  [1m[35mBEGIN[0m
  [1m[36mShortenedUrl Exists? (0.8ms)[0m  [1m[34mSELECT 1 AS one FROM "shortened_urls" WHERE "shortened_urls"."short_url" = $1 LIMIT $2[0m  [["short_url", "K7pB_CCnuWNNlWl3sbgQCw"], ["LIMIT", 1]]
  [1m[36mUser Load (0.2ms)[0m  [1m[34mSELECT "users".* FROM "users" WHERE "users"."id" = $1 LIMIT $2[0m  [["id", 3], ["LIMIT", 1]]
  [1m[36mShortenedUrl Create (0.7ms)[0m  [1m[32mINSERT INTO "shortened_urls" ("long_url", "short_url", "created_at", "updated_at", "user_id") VALUES ($1, $2, $3, $4, $5) RETURNING "id"[0m  [["long_url", "defc.com"], ["short_url", "K7pB_CCnuWNNlWl3sbgQCw"], ["created_at", "2021-05-20 20:46:41.879301"], ["updated_at", "2021-05-20 20:46:41.879301"], ["user_id", 3]]
  [1m[36mTRANSACTION (0.3ms)[0m  [1m[35mCOMMIT[0m
  [1m[36mTRANSACTION (0.2ms)[0m  [1m[35mBEGIN[0m
  [1m[36mUser Load (0.2ms)[0m  [1m[34mSELECT "users".* FROM "users" WHERE "users"."id" = $1 LIMIT $2[0m  [["id", 2], ["LIMIT", 1]]
  [1m[36mShortenedUrl Load (0.2ms)[0m  [1m[34mSELECT "shortened_urls".* FROM "shortened_urls" WHERE "shortened_urls"."id" = $1 LIMIT $2[0m  [["id", 12], ["LIMIT", 1]]
  [1m[36mVisit Create (0.5ms)[0m  [1m[32mINSERT INTO "visits" ("user_id", "url_id", "created_at", "updated_at") VALUES ($1, $2, $3, $4) RETURNING "id"[0m  [["user_id", 2], ["url_id", 12], ["created_at", "2021-05-20 20:46:41.898536"], ["updated_at", "2021-05-20 20:46:41.898536"]]
  [1m[36mTRANSACTION (0.4ms)[0m  [1m[35mCOMMIT[0m
  [1m[36mTRANSACTION (0.2ms)[0m  [1m[35mBEGIN[0m
  [1m[36mUser Load (0.3ms)[0m  [1m[34mSELECT "users".* FROM "users" WHERE "users"."id" = $1 LIMIT $2[0m  [["id", 3], ["LIMIT", 1]]
  [1m[36mShortenedUrl Load (0.3ms)[0m  [1m[34mSELECT "shortened_urls".* FROM "shortened_urls" WHERE "shortened_urls"."id" = $1 LIMIT $2[0m  [["id", 13], ["LIMIT", 1]]
  [1m[36mVisit Create (0.6ms)[0m  [1m[32mINSERT INTO "visits" ("user_id", "url_id", "created_at", "updated_at") VALUES ($1, $2, $3, $4) RETURNING "id"[0m  [["user_id", 3], ["url_id", 13], ["created_at", "2021-05-20 20:46:42.164052"], ["updated_at", "2021-05-20 20:46:42.164052"]]
  [1m[36mTRANSACTION (0.5ms)[0m  [1m[35mCOMMIT[0m
  [1m[35m (1.6ms)[0m  [1m[34mSELECT COUNT(DISTINCT "visits"."user_id") FROM "visits" WHERE "visits"."url_id" = $1 AND "visits"."created_at" = $2[0m  [["url_id", 13], ["created_at", "2021-05-20 20:36:56.730022"]]
  [1m[36mTRANSACTION (0.3ms)[0m  [1m[35mBEGIN[0m
  [1m[36mUser Exists? (0.9ms)[0m  [1m[34mSELECT 1 AS one FROM "users" WHERE "users"."email" = $1 LIMIT $2[0m  [["email", "abc"], ["LIMIT", 1]]
  [1m[36mTRANSACTION (0.2ms)[0m  [1m[31mROLLBACK[0m
  [1m[36mTRANSACTION (0.2ms)[0m  [1m[35mBEGIN[0m
  [1m[36mUser Exists? (0.8ms)[0m  [1m[34mSELECT 1 AS one FROM "users" WHERE "users"."email" = $1 LIMIT $2[0m  [["email", "abdfc"], ["LIMIT", 1]]
  [1m[36mTRANSACTION (0.2ms)[0m  [1m[31mROLLBACK[0m
  [1m[36mShortenedUrl Exists? (0.5ms)[0m  [1m[34mSELECT 1 AS one FROM "shortened_urls" WHERE "shortened_urls"."short_url" = $1 LIMIT $2[0m  [["short_url", "q3wu5K9iqfkiNste6_WONw"], ["LIMIT", 1]]
  [1m[36mTRANSACTION (0.2ms)[0m  [1m[35mBEGIN[0m
  [1m[36mShortenedUrl Exists? (0.8ms)[0m  [1m[34mSELECT 1 AS one FROM "shortened_urls" WHERE "shortened_urls"."short_url" = $1 LIMIT $2[0m  [["short_url", "q3wu5K9iqfkiNste6_WONw"], ["LIMIT", 1]]
  [1m[36mUser Load (0.2ms)[0m  [1m[34mSELECT "users".* FROM "users" WHERE "users"."id" = $1 LIMIT $2[0m  [["id", 2], ["LIMIT", 1]]
  [1m[36mShortenedUrl Create (0.7ms)[0m  [1m[32mINSERT INTO "shortened_urls" ("long_url", "short_url", "created_at", "updated_at", "user_id") VALUES ($1, $2, $3, $4, $5) RETURNING "id"[0m  [["long_url", "abc.com"], ["short_url", "q3wu5K9iqfkiNste6_WONw"], ["created_at", "2021-05-20 20:51:39.426880"], ["updated_at", "2021-05-20 20:51:39.426880"], ["user_id", 2]]
  [1m[36mTRANSACTION (0.9ms)[0m  [1m[35mCOMMIT[0m
  [1m[36mShortenedUrl Exists? (0.7ms)[0m  [1m[34mSELECT 1 AS one FROM "shortened_urls" WHERE "shortened_urls"."short_url" = $1 LIMIT $2[0m  [["short_url", "fuSYycaJNzmygv-z9TyMnQ"], ["LIMIT", 1]]
  [1m[36mTRANSACTION (0.1ms)[0m  [1m[35mBEGIN[0m
  [1m[36mShortenedUrl Exists? (0.3ms)[0m  [1m[34mSELECT 1 AS one FROM "shortened_urls" WHERE "shortened_urls"."short_url" = $1 LIMIT $2[0m  [["short_url", "fuSYycaJNzmygv-z9TyMnQ"], ["LIMIT", 1]]
  [1m[36mUser Load (0.1ms)[0m  [1m[34mSELECT "users".* FROM "users" WHERE "users"."id" = $1 LIMIT $2[0m  [["id", 3], ["LIMIT", 1]]
  [1m[36mShortenedUrl Create (0.4ms)[0m  [1m[32mINSERT INTO "shortened_urls" ("long_url", "short_url", "created_at", "updated_at", "user_id") VALUES ($1, $2, $3, $4, $5) RETURNING "id"[0m  [["long_url", "defc.com"], ["short_url", "fuSYycaJNzmygv-z9TyMnQ"], ["created_at", "2021-05-20 20:51:39.434792"], ["updated_at", "2021-05-20 20:51:39.434792"], ["user_id", 3]]
  [1m[36mTRANSACTION (0.3ms)[0m  [1m[35mCOMMIT[0m
  [1m[36mTRANSACTION (0.2ms)[0m  [1m[35mBEGIN[0m
  [1m[36mUser Load (0.3ms)[0m  [1m[34mSELECT "users".* FROM "users" WHERE "users"."id" = $1 LIMIT $2[0m  [["id", 2], ["LIMIT", 1]]
  [1m[36mShortenedUrl Load (0.2ms)[0m  [1m[34mSELECT "shortened_urls".* FROM "shortened_urls" WHERE "shortened_urls"."id" = $1 LIMIT $2[0m  [["id", 14], ["LIMIT", 1]]
  [1m[36mVisit Create (0.6ms)[0m  [1m[32mINSERT INTO "visits" ("user_id", "url_id", "created_at", "updated_at") VALUES ($1, $2, $3, $4) RETURNING "id"[0m  [["user_id", 2], ["url_id", 14], ["created_at", "2021-05-20 20:51:39.455435"], ["updated_at", "2021-05-20 20:51:39.455435"]]
  [1m[36mTRANSACTION (0.4ms)[0m  [1m[35mCOMMIT[0m
  [1m[36mTRANSACTION (0.3ms)[0m  [1m[35mBEGIN[0m
  [1m[36mUser Load (0.3ms)[0m  [1m[34mSELECT "users".* FROM "users" WHERE "users"."id" = $1 LIMIT $2[0m  [["id", 3], ["LIMIT", 1]]
  [1m[36mShortenedUrl Load (1.4ms)[0m  [1m[34mSELECT "shortened_urls".* FROM "shortened_urls" WHERE "shortened_urls"."id" = $1 LIMIT $2[0m  [["id", 15], ["LIMIT", 1]]
  [1m[36mVisit Create (0.8ms)[0m  [1m[32mINSERT INTO "visits" ("user_id", "url_id", "created_at", "updated_at") VALUES ($1, $2, $3, $4) RETURNING "id"[0m  [["user_id", 3], ["url_id", 15], ["created_at", "2021-05-20 20:51:40.106936"], ["updated_at", "2021-05-20 20:51:40.106936"]]
  [1m[36mTRANSACTION (0.7ms)[0m  [1m[35mCOMMIT[0m
  [1m[35m (1.2ms)[0m  [1m[34mSELECT COUNT(DISTINCT "visits"."user_id") FROM "visits" WHERE (url_id=self.id) AND (created_at > 10.minutes.ago)[0m
  [1m[36mTRANSACTION (0.2ms)[0m  [1m[35mBEGIN[0m
  [1m[36mUser Exists? (0.7ms)[0m  [1m[34mSELECT 1 AS one FROM "users" WHERE "users"."email" = $1 LIMIT $2[0m  [["email", "abc"], ["LIMIT", 1]]
  [1m[36mTRANSACTION (0.6ms)[0m  [1m[31mROLLBACK[0m
  [1m[36mTRANSACTION (0.3ms)[0m  [1m[35mBEGIN[0m
  [1m[36mUser Exists? (0.7ms)[0m  [1m[34mSELECT 1 AS one FROM "users" WHERE "users"."email" = $1 LIMIT $2[0m  [["email", "abdfc"], ["LIMIT", 1]]
  [1m[36mTRANSACTION (0.1ms)[0m  [1m[31mROLLBACK[0m
  [1m[36mShortenedUrl Exists? (0.4ms)[0m  [1m[34mSELECT 1 AS one FROM "shortened_urls" WHERE "shortened_urls"."short_url" = $1 LIMIT $2[0m  [["short_url", "bcSFnPNg3Vo-sSaw49dQEg"], ["LIMIT", 1]]
  [1m[36mTRANSACTION (0.2ms)[0m  [1m[35mBEGIN[0m
  [1m[36mShortenedUrl Exists? (0.6ms)[0m  [1m[34mSELECT 1 AS one FROM "shortened_urls" WHERE "shortened_urls"."short_url" = $1 LIMIT $2[0m  [["short_url", "bcSFnPNg3Vo-sSaw49dQEg"], ["LIMIT", 1]]
  [1m[36mUser Load (0.4ms)[0m  [1m[34mSELECT "users".* FROM "users" WHERE "users"."id" = $1 LIMIT $2[0m  [["id", 2], ["LIMIT", 1]]
  [1m[36mShortenedUrl Create (0.9ms)[0m  [1m[32mINSERT INTO "shortened_urls" ("long_url", "short_url", "created_at", "updated_at", "user_id") VALUES ($1, $2, $3, $4, $5) RETURNING "id"[0m  [["long_url", "abc.com"], ["short_url", "bcSFnPNg3Vo-sSaw49dQEg"], ["created_at", "2021-05-20 20:52:55.482253"], ["updated_at", "2021-05-20 20:52:55.482253"], ["user_id", 2]]
  [1m[36mTRANSACTION (0.6ms)[0m  [1m[35mCOMMIT[0m
  [1m[36mShortenedUrl Exists? (0.8ms)[0m  [1m[34mSELECT 1 AS one FROM "shortened_urls" WHERE "shortened_urls"."short_url" = $1 LIMIT $2[0m  [["short_url", "M9NUP4jut50vc2IL6sDSWw"], ["LIMIT", 1]]
  [1m[36mTRANSACTION (0.1ms)[0m  [1m[35mBEGIN[0m
  [1m[36mShortenedUrl Exists? (0.6ms)[0m  [1m[34mSELECT 1 AS one FROM "shortened_urls" WHERE "shortened_urls"."short_url" = $1 LIMIT $2[0m  [["short_url", "M9NUP4jut50vc2IL6sDSWw"], ["LIMIT", 1]]
  [1m[36mUser Load (0.4ms)[0m  [1m[34mSELECT "users".* FROM "users" WHERE "users"."id" = $1 LIMIT $2[0m  [["id", 3], ["LIMIT", 1]]
  [1m[36mShortenedUrl Create (1.0ms)[0m  [1m[32mINSERT INTO "shortened_urls" ("long_url", "short_url", "created_at", "updated_at", "user_id") VALUES ($1, $2, $3, $4, $5) RETURNING "id"[0m  [["long_url", "defc.com"], ["short_url", "M9NUP4jut50vc2IL6sDSWw"], ["created_at", "2021-05-20 20:52:55.490031"], ["updated_at", "2021-05-20 20:52:55.490031"], ["user_id", 3]]
  [1m[36mTRANSACTION (0.4ms)[0m  [1m[35mCOMMIT[0m
  [1m[36mTRANSACTION (0.3ms)[0m  [1m[35mBEGIN[0m
  [1m[36mUser Load (0.4ms)[0m  [1m[34mSELECT "users".* FROM "users" WHERE "users"."id" = $1 LIMIT $2[0m  [["id", 2], ["LIMIT", 1]]
  [1m[36mShortenedUrl Load (0.4ms)[0m  [1m[34mSELECT "shortened_urls".* FROM "shortened_urls" WHERE "shortened_urls"."id" = $1 LIMIT $2[0m  [["id", 16], ["LIMIT", 1]]
  [1m[36mVisit Create (1.0ms)[0m  [1m[32mINSERT INTO "visits" ("user_id", "url_id", "created_at", "updated_at") VALUES ($1, $2, $3, $4) RETURNING "id"[0m  [["user_id", 2], ["url_id", 16], ["created_at", "2021-05-20 20:52:55.512418"], ["updated_at", "2021-05-20 20:52:55.512418"]]
  [1m[36mTRANSACTION (0.4ms)[0m  [1m[35mCOMMIT[0m
  [1m[36mTRANSACTION (0.2ms)[0m  [1m[35mBEGIN[0m
  [1m[36mUser Load (0.4ms)[0m  [1m[34mSELECT "users".* FROM "users" WHERE "users"."id" = $1 LIMIT $2[0m  [["id", 3], ["LIMIT", 1]]
  [1m[36mShortenedUrl Load (0.2ms)[0m  [1m[34mSELECT "shortened_urls".* FROM "shortened_urls" WHERE "shortened_urls"."id" = $1 LIMIT $2[0m  [["id", 17], ["LIMIT", 1]]
  [1m[36mVisit Create (0.6ms)[0m  [1m[32mINSERT INTO "visits" ("user_id", "url_id", "created_at", "updated_at") VALUES ($1, $2, $3, $4) RETURNING "id"[0m  [["user_id", 3], ["url_id", 17], ["created_at", "2021-05-20 20:52:55.616870"], ["updated_at", "2021-05-20 20:52:55.616870"]]
  [1m[36mTRANSACTION (0.5ms)[0m  [1m[35mCOMMIT[0m
  [1m[35m (2.9ms)[0m  [1m[34mSELECT COUNT(DISTINCT "visits"."user_id") FROM "visits" WHERE (url_id=self.id) AND (created_at >'2021-05-20 20:43:04.482743')[0m
  [1m[36mTRANSACTION (0.3ms)[0m  [1m[35mBEGIN[0m
  [1m[36mUser Exists? (0.7ms)[0m  [1m[34mSELECT 1 AS one FROM "users" WHERE "users"."email" = $1 LIMIT $2[0m  [["email", "abc"], ["LIMIT", 1]]
  [1m[36mTRANSACTION (0.3ms)[0m  [1m[31mROLLBACK[0m
  [1m[36mTRANSACTION (0.2ms)[0m  [1m[35mBEGIN[0m
  [1m[36mUser Exists? (0.6ms)[0m  [1m[34mSELECT 1 AS one FROM "users" WHERE "users"."email" = $1 LIMIT $2[0m  [["email", "abdfc"], ["LIMIT", 1]]
  [1m[36mTRANSACTION (0.1ms)[0m  [1m[31mROLLBACK[0m
  [1m[36mShortenedUrl Exists? (0.8ms)[0m  [1m[34mSELECT 1 AS one FROM "shortened_urls" WHERE "shortened_urls"."short_url" = $1 LIMIT $2[0m  [["short_url", "K1eEY1rf3bwPccvhKYcV0g"], ["LIMIT", 1]]
  [1m[36mTRANSACTION (0.3ms)[0m  [1m[35mBEGIN[0m
  [1m[36mShortenedUrl Exists? (0.6ms)[0m  [1m[34mSELECT 1 AS one FROM "shortened_urls" WHERE "shortened_urls"."short_url" = $1 LIMIT $2[0m  [["short_url", "K1eEY1rf3bwPccvhKYcV0g"], ["LIMIT", 1]]
  [1m[36mUser Load (0.9ms)[0m  [1m[34mSELECT "users".* FROM "users" WHERE "users"."id" = $1 LIMIT $2[0m  [["id", 2], ["LIMIT", 1]]
  [1m[36mShortenedUrl Create (1.0ms)[0m  [1m[32mINSERT INTO "shortened_urls" ("long_url", "short_url", "created_at", "updated_at", "user_id") VALUES ($1, $2, $3, $4, $5) RETURNING "id"[0m  [["long_url", "abc.com"], ["short_url", "K1eEY1rf3bwPccvhKYcV0g"], ["created_at", "2021-05-20 20:55:57.254917"], ["updated_at", "2021-05-20 20:55:57.254917"], ["user_id", 2]]
  [1m[36mTRANSACTION (0.3ms)[0m  [1m[35mCOMMIT[0m
  [1m[36mShortenedUrl Exists? (1.3ms)[0m  [1m[34mSELECT 1 AS one FROM "shortened_urls" WHERE "shortened_urls"."short_url" = $1 LIMIT $2[0m  [["short_url", "nNWHyvSDvwKhymo3smspLw"], ["LIMIT", 1]]
  [1m[36mTRANSACTION (0.2ms)[0m  [1m[35mBEGIN[0m
  [1m[36mShortenedUrl Exists? (0.5ms)[0m  [1m[34mSELECT 1 AS one FROM "shortened_urls" WHERE "shortened_urls"."short_url" = $1 LIMIT $2[0m  [["short_url", "nNWHyvSDvwKhymo3smspLw"], ["LIMIT", 1]]
  [1m[36mUser Load (0.2ms)[0m  [1m[34mSELECT "users".* FROM "users" WHERE "users"."id" = $1 LIMIT $2[0m  [["id", 3], ["LIMIT", 1]]
  [1m[36mShortenedUrl Create (0.6ms)[0m  [1m[32mINSERT INTO "shortened_urls" ("long_url", "short_url", "created_at", "updated_at", "user_id") VALUES ($1, $2, $3, $4, $5) RETURNING "id"[0m  [["long_url", "defc.com"], ["short_url", "nNWHyvSDvwKhymo3smspLw"], ["created_at", "2021-05-20 20:55:57.263415"], ["updated_at", "2021-05-20 20:55:57.263415"], ["user_id", 3]]
  [1m[36mTRANSACTION (0.4ms)[0m  [1m[35mCOMMIT[0m
  [1m[36mTRANSACTION (0.1ms)[0m  [1m[35mBEGIN[0m
  [1m[36mUser Load (0.2ms)[0m  [1m[34mSELECT "users".* FROM "users" WHERE "users"."id" = $1 LIMIT $2[0m  [["id", 2], ["LIMIT", 1]]
  [1m[36mShortenedUrl Load (0.2ms)[0m  [1m[34mSELECT "shortened_urls".* FROM "shortened_urls" WHERE "shortened_urls"."id" = $1 LIMIT $2[0m  [["id", 18], ["LIMIT", 1]]
  [1m[36mVisit Create (0.8ms)[0m  [1m[32mINSERT INTO "visits" ("user_id", "url_id", "created_at", "updated_at") VALUES ($1, $2, $3, $4) RETURNING "id"[0m  [["user_id", 2], ["url_id", 18], ["created_at", "2021-05-20 20:55:57.294286"], ["updated_at", "2021-05-20 20:55:57.294286"]]
  [1m[36mTRANSACTION (0.4ms)[0m  [1m[35mCOMMIT[0m
  [1m[36mTRANSACTION (0.2ms)[0m  [1m[35mBEGIN[0m
  [1m[36mUser Load (0.2ms)[0m  [1m[34mSELECT "users".* FROM "users" WHERE "users"."id" = $1 LIMIT $2[0m  [["id", 3], ["LIMIT", 1]]
  [1m[36mShortenedUrl Load (0.2ms)[0m  [1m[34mSELECT "shortened_urls".* FROM "shortened_urls" WHERE "shortened_urls"."id" = $1 LIMIT $2[0m  [["id", 19], ["LIMIT", 1]]
  [1m[36mVisit Create (0.5ms)[0m  [1m[32mINSERT INTO "visits" ("user_id", "url_id", "created_at", "updated_at") VALUES ($1, $2, $3, $4) RETURNING "id"[0m  [["user_id", 3], ["url_id", 19], ["created_at", "2021-05-20 20:55:57.488615"], ["updated_at", "2021-05-20 20:55:57.488615"]]
  [1m[36mTRANSACTION (0.5ms)[0m  [1m[35mCOMMIT[0m
  [1m[35m (1.3ms)[0m  [1m[34mSELECT COUNT(DISTINCT "visits"."user_id") FROM "visits" WHERE "visits"."url_id" = $1 AND (created_at >'2021-05-20 20:46:10.719661')[0m  [["url_id", 19]]
  [1m[36mTRANSACTION (0.2ms)[0m  [1m[35mBEGIN[0m
  [1m[36mUser Load (0.4ms)[0m  [1m[34mSELECT "users".* FROM "users" WHERE "users"."id" = $1 LIMIT $2[0m  [["id", 2], ["LIMIT", 1]]
  [1m[36mShortenedUrl Load (0.2ms)[0m  [1m[34mSELECT "shortened_urls".* FROM "shortened_urls" WHERE "shortened_urls"."id" = $1 LIMIT $2[0m  [["id", 19], ["LIMIT", 1]]
  [1m[36mVisit Create (0.7ms)[0m  [1m[32mINSERT INTO "visits" ("user_id", "url_id", "created_at", "updated_at") VALUES ($1, $2, $3, $4) RETURNING "id"[0m  [["user_id", 2], ["url_id", 19], ["created_at", "2021-05-20 20:56:58.358079"], ["updated_at", "2021-05-20 20:56:58.358079"]]
  [1m[36mTRANSACTION (0.8ms)[0m  [1m[35mCOMMIT[0m
  [1m[35m (1.1ms)[0m  [1m[34mSELECT COUNT(DISTINCT "visits"."user_id") FROM "visits" WHERE "visits"."url_id" = $1 AND (created_at >'2021-05-20 20:47:07.567493')[0m  [["url_id", 19]]
  [1m[36mTRANSACTION (0.2ms)[0m  [1m[35mBEGIN[0m
  [1m[36mUser Exists? (0.6ms)[0m  [1m[34mSELECT 1 AS one FROM "users" WHERE "users"."email" = $1 LIMIT $2[0m  [["email", "abc"], ["LIMIT", 1]]
  [1m[36mTRANSACTION (0.1ms)[0m  [1m[31mROLLBACK[0m
  [1m[36mTRANSACTION (0.1ms)[0m  [1m[35mBEGIN[0m
  [1m[36mUser Exists? (0.6ms)[0m  [1m[34mSELECT 1 AS one FROM "users" WHERE "users"."email" = $1 LIMIT $2[0m  [["email", "abdfc"], ["LIMIT", 1]]
  [1m[36mTRANSACTION (0.2ms)[0m  [1m[31mROLLBACK[0m
  [1m[36mShortenedUrl Exists? (0.4ms)[0m  [1m[34mSELECT 1 AS one FROM "shortened_urls" WHERE "shortened_urls"."short_url" = $1 LIMIT $2[0m  [["short_url", "sot7zl-sgltcJojLtIZbjg"], ["LIMIT", 1]]
  [1m[36mTRANSACTION (0.2ms)[0m  [1m[35mBEGIN[0m
  [1m[36mShortenedUrl Exists? (0.6ms)[0m  [1m[34mSELECT 1 AS one FROM "shortened_urls" WHERE "shortened_urls"."short_url" = $1 LIMIT $2[0m  [["short_url", "sot7zl-sgltcJojLtIZbjg"], ["LIMIT", 1]]
  [1m[36mUser Load (0.3ms)[0m  [1m[34mSELECT "users".* FROM "users" WHERE "users"."id" = $1 LIMIT $2[0m  [["id", 2], ["LIMIT", 1]]
  [1m[36mShortenedUrl Create (0.6ms)[0m  [1m[32mINSERT INTO "shortened_urls" ("long_url", "short_url", "created_at", "updated_at", "user_id") VALUES ($1, $2, $3, $4, $5) RETURNING "id"[0m  [["long_url", "abc.com"], ["short_url", "sot7zl-sgltcJojLtIZbjg"], ["created_at", "2021-05-20 20:58:01.822169"], ["updated_at", "2021-05-20 20:58:01.822169"], ["user_id", 2]]
  [1m[36mTRANSACTION (0.7ms)[0m  [1m[35mCOMMIT[0m
  [1m[36mShortenedUrl Exists? (0.8ms)[0m  [1m[34mSELECT 1 AS one FROM "shortened_urls" WHERE "shortened_urls"."short_url" = $1 LIMIT $2[0m  [["short_url", "Ss_6Qgtc-1JWZjkHXP1FMw"], ["LIMIT", 1]]
  [1m[36mTRANSACTION (0.1ms)[0m  [1m[35mBEGIN[0m
  [1m[36mShortenedUrl Exists? (0.5ms)[0m  [1m[34mSELECT 1 AS one FROM "shortened_urls" WHERE "shortened_urls"."short_url" = $1 LIMIT $2[0m  [["short_url", "Ss_6Qgtc-1JWZjkHXP1FMw"], ["LIMIT", 1]]
  [1m[36mUser Load (0.2ms)[0m  [1m[34mSELECT "users".* FROM "users" WHERE "users"."id" = $1 LIMIT $2[0m  [["id", 3], ["LIMIT", 1]]
  [1m[36mShortenedUrl Create (0.5ms)[0m  [1m[32mINSERT INTO "shortened_urls" ("long_url", "short_url", "created_at", "updated_at", "user_id") VALUES ($1, $2, $3, $4, $5) RETURNING "id"[0m  [["long_url", "defc.com"], ["short_url", "Ss_6Qgtc-1JWZjkHXP1FMw"], ["created_at", "2021-05-20 20:58:01.829027"], ["updated_at", "2021-05-20 20:58:01.829027"], ["user_id", 3]]
  [1m[36mTRANSACTION (0.3ms)[0m  [1m[35mCOMMIT[0m
  [1m[36mTRANSACTION (0.1ms)[0m  [1m[35mBEGIN[0m
  [1m[36mUser Load (0.3ms)[0m  [1m[34mSELECT "users".* FROM "users" WHERE "users"."id" = $1 LIMIT $2[0m  [["id", 2], ["LIMIT", 1]]
  [1m[36mShortenedUrl Load (0.2ms)[0m  [1m[34mSELECT "shortened_urls".* FROM "shortened_urls" WHERE "shortened_urls"."id" = $1 LIMIT $2[0m  [["id", 20], ["LIMIT", 1]]
  [1m[36mVisit Create (0.7ms)[0m  [1m[32mINSERT INTO "visits" ("user_id", "url_id", "created_at", "updated_at") VALUES ($1, $2, $3, $4) RETURNING "id"[0m  [["user_id", 2], ["url_id", 20], ["created_at", "2021-05-20 20:58:01.848461"], ["updated_at", "2021-05-20 20:58:01.848461"]]
  [1m[36mTRANSACTION (0.3ms)[0m  [1m[35mCOMMIT[0m
  [1m[36mTRANSACTION (0.1ms)[0m  [1m[35mBEGIN[0m
  [1m[36mUser Load (0.2ms)[0m  [1m[34mSELECT "users".* FROM "users" WHERE "users"."id" = $1 LIMIT $2[0m  [["id", 3], ["LIMIT", 1]]
  [1m[36mShortenedUrl Load (0.2ms)[0m  [1m[34mSELECT "shortened_urls".* FROM "shortened_urls" WHERE "shortened_urls"."id" = $1 LIMIT $2[0m  [["id", 21], ["LIMIT", 1]]
  [1m[36mVisit Create (0.5ms)[0m  [1m[32mINSERT INTO "visits" ("user_id", "url_id", "created_at", "updated_at") VALUES ($1, $2, $3, $4) RETURNING "id"[0m  [["user_id", 3], ["url_id", 21], ["created_at", "2021-05-20 20:58:01.853308"], ["updated_at", "2021-05-20 20:58:01.853308"]]
  [1m[36mTRANSACTION (0.3ms)[0m  [1m[35mCOMMIT[0m
  [1m[36mTRANSACTION (0.3ms)[0m  [1m[35mBEGIN[0m
  [1m[36mUser Load (0.3ms)[0m  [1m[34mSELECT "users".* FROM "users" WHERE "users"."id" = $1 LIMIT $2[0m  [["id", 2], ["LIMIT", 1]]
  [1m[36mShortenedUrl Load (0.4ms)[0m  [1m[34mSELECT "shortened_urls".* FROM "shortened_urls" WHERE "shortened_urls"."id" = $1 LIMIT $2[0m  [["id", 21], ["LIMIT", 1]]
  [1m[36mVisit Create (0.8ms)[0m  [1m[32mINSERT INTO "visits" ("user_id", "url_id", "created_at", "updated_at") VALUES ($1, $2, $3, $4) RETURNING "id"[0m  [["user_id", 2], ["url_id", 21], ["created_at", "2021-05-20 20:58:03.473357"], ["updated_at", "2021-05-20 20:58:03.473357"]]
  [1m[36mTRANSACTION (0.6ms)[0m  [1m[35mCOMMIT[0m
  [1m[35m (1.1ms)[0m  [1m[34mSELECT COUNT(DISTINCT "visits"."user_id") FROM "visits" WHERE "visits"."url_id" = $1 AND (created_at >'2021-05-20 20:58:15.837554')[0m  [["url_id", 21]]
  [1m[36mTRANSACTION (0.3ms)[0m  [1m[35mBEGIN[0m
  [1m[36mUser Load (0.3ms)[0m  [1m[34mSELECT "users".* FROM "users" WHERE "users"."id" = $1 LIMIT $2[0m  [["id", 3], ["LIMIT", 1]]
  [1m[36mShortenedUrl Load (0.2ms)[0m  [1m[34mSELECT "shortened_urls".* FROM "shortened_urls" WHERE "shortened_urls"."id" = $1 LIMIT $2[0m  [["id", 21], ["LIMIT", 1]]
  [1m[36mVisit Create (0.5ms)[0m  [1m[32mINSERT INTO "visits" ("user_id", "url_id", "created_at", "updated_at") VALUES ($1, $2, $3, $4) RETURNING "id"[0m  [["user_id", 3], ["url_id", 21], ["created_at", "2021-05-20 20:58:36.732371"], ["updated_at", "2021-05-20 20:58:36.732371"]]
  [1m[36mTRANSACTION (0.4ms)[0m  [1m[35mCOMMIT[0m
  [1m[35m (1.4ms)[0m  [1m[34mSELECT COUNT(DISTINCT "visits"."user_id") FROM "visits" WHERE "visits"."url_id" = $1 AND (created_at >'2021-05-20 20:58:30.606369')[0m  [["url_id", 21]]
  [1m[35m (1.5ms)[0m  [1m[34mSELECT COUNT(DISTINCT "visits"."user_id") FROM "visits" WHERE "visits"."url_id" = $1 AND (created_at >'2021-05-20 20:58:47.240802')[0m  [["url_id", 21]]
  [1m[36mUser Load (1.4ms)[0m  [1m[34mSELECT "users".* FROM "users" WHERE "users"."email" = $1 LIMIT $2[0m  [["email", "abc@gmail.com"], ["LIMIT", 1]]
  [1m[36mUser Load (1.1ms)[0m  [1m[34mSELECT "users".* FROM "users" WHERE "users"."email" = $1 LIMIT $2[0m  [["email", "abc@gmail.com"], ["LIMIT", 1]]
  [1m[36mUser Load (1.2ms)[0m  [1m[34mSELECT "users".* FROM "users" WHERE "users"."email" = $1 LIMIT $2[0m  [["email", "abc@google.com"], ["LIMIT", 1]]
  [1m[36mTRANSACTION (0.2ms)[0m  [1m[35mBEGIN[0m
  [1m[36mUser Exists? (1.1ms)[0m  [1m[34mSELECT 1 AS one FROM "users" WHERE "users"."email" = $1 LIMIT $2[0m  [["email", "abc"], ["LIMIT", 1]]
  [1m[36mTRANSACTION (0.2ms)[0m  [1m[31mROLLBACK[0m
  [1m[36mTRANSACTION (0.1ms)[0m  [1m[35mBEGIN[0m
  [1m[36mUser Exists? (0.3ms)[0m  [1m[34mSELECT 1 AS one FROM "users" WHERE "users"."email" = $1 LIMIT $2[0m  [["email", "abdfc"], ["LIMIT", 1]]
  [1m[36mTRANSACTION (0.1ms)[0m  [1m[31mROLLBACK[0m
  [1m[36mUser Load (1.6ms)[0m  [1m[34mSELECT "users".* FROM "users" WHERE "users"."email" = $1 LIMIT $2[0m  [["email", "abc.com"], ["LIMIT", 1]]
  [1m[36mTRANSACTION (0.2ms)[0m  [1m[35mBEGIN[0m
  [1m[36mUser Exists? (1.2ms)[0m  [1m[34mSELECT 1 AS one FROM "users" WHERE "users"."email" = $1 LIMIT $2[0m  [["email", "abc"], ["LIMIT", 1]]
  [1m[36mTRANSACTION (0.3ms)[0m  [1m[31mROLLBACK[0m
  [1m[36mTRANSACTION (1.0ms)[0m  [1m[35mBEGIN[0m
  [1m[36mUser Exists? (1.4ms)[0m  [1m[34mSELECT 1 AS one FROM "users" WHERE "users"."email" = $1 LIMIT $2[0m  [["email", "abdfc"], ["LIMIT", 1]]
  [1m[36mTRANSACTION (0.4ms)[0m  [1m[31mROLLBACK[0m
  [1m[36mTRANSACTION (0.7ms)[0m  [1m[35mBEGIN[0m
  [1m[36mUser Exists? (1.0ms)[0m  [1m[34mSELECT 1 AS one FROM "users" WHERE "users"."email" = $1 LIMIT $2[0m  [["email", "abc.com"], ["LIMIT", 1]]
  [1m[36mUser Create (1.7ms)[0m  [1m[32mINSERT INTO "users" ("email", "created_at", "updated_at") VALUES ($1, $2, $3) RETURNING "id"[0m  [["email", "abc.com"], ["created_at", "2021-05-20 21:27:16.972246"], ["updated_at", "2021-05-20 21:27:16.972246"]]
  [1m[36mTRANSACTION (1.5ms)[0m  [1m[35mCOMMIT[0m
  [1m[36mUser Load (0.8ms)[0m  [1m[34mSELECT "users".* FROM "users" WHERE "users"."email" = $1 LIMIT $2[0m  [["email", "abc.com"], ["LIMIT", 1]]
  [1m[36mShortenedUrl Exists? (1.3ms)[0m  [1m[34mSELECT 1 AS one FROM "shortened_urls" WHERE "shortened_urls"."short_url" = $1 LIMIT $2[0m  [["short_url", "7JzSYU7Fd_iIXY4nJ9D-oQ"], ["LIMIT", 1]]
  ↳ app/models/shortened_url.rb:18:in `random_code'
  [1m[36mTRANSACTION (0.2ms)[0m  [1m[35mBEGIN[0m
  ↳ app/models/shortened_url.rb:25:in `generate'
  [1m[36mShortenedUrl Exists? (0.6ms)[0m  [1m[34mSELECT 1 AS one FROM "shortened_urls" WHERE "shortened_urls"."short_url" = $1 LIMIT $2[0m  [["short_url", "7JzSYU7Fd_iIXY4nJ9D-oQ"], ["LIMIT", 1]]
  ↳ app/models/shortened_url.rb:25:in `generate'
  [1m[36mUser Load (0.5ms)[0m  [1m[34mSELECT "users".* FROM "users" WHERE "users"."id" = $1 LIMIT $2[0m  [["id", 4], ["LIMIT", 1]]
  ↳ app/models/shortened_url.rb:25:in `generate'
  [1m[36mShortenedUrl Create (1.2ms)[0m  [1m[32mINSERT INTO "shortened_urls" ("long_url", "short_url", "created_at", "updated_at", "user_id") VALUES ($1, $2, $3, $4, $5) RETURNING "id"[0m  [["long_url", "google.com"], ["short_url", "7JzSYU7Fd_iIXY4nJ9D-oQ"], ["created_at", "2021-05-20 21:27:39.401450"], ["updated_at", "2021-05-20 21:27:39.401450"], ["user_id", 4]]
  ↳ app/models/shortened_url.rb:25:in `generate'
  [1m[36mTRANSACTION (0.5ms)[0m  [1m[35mCOMMIT[0m
  ↳ app/models/shortened_url.rb:25:in `generate'
  [1m[36mUser Load (1.4ms)[0m  [1m[34mSELECT "users".* FROM "users" WHERE "users"."email" = $1 LIMIT $2[0m  [["email", "abc.com"], ["LIMIT", 1]]
